android/app/build/intermediates/manifest_merge_blame_file/debug/manifest-merger-blame-debug-report.txt
1<?xml version="1.0" encoding="utf-8"?>
2<manifest xmlns:android="http://schemas.android.com/apk/res/android"
3    package="com.incubermax.eazypark"
4    android:versionCode="1"
5    android:versionName="1.0" >
6
7    <uses-sdk
8        android:minSdkVersion="21"
9        android:targetSdkVersion="33" />
10
11    <uses-permission android:name="android.permission.SYSTEM_ALERT_WINDOW" />
11-->src/main/AndroidManifest.xml:9:5-78
11-->src/main/AndroidManifest.xml:9:22-75
12    <uses-permission android:name="android.permission.INTERNET" />
12-->src/main/AndroidManifest.xml:5:5-67
12-->src/main/AndroidManifest.xml:5:22-64
13    <uses-permission android:name="android.permission.ACCESS_FINE_LOCATION" />
13-->src/main/AndroidManifest.xml:6:5-79
13-->src/main/AndroidManifest.xml:6:22-76
14    <uses-permission android:name="android.permission.ACCESS_COARSE_LOCATION" />
14-->src/main/AndroidManifest.xml:7:5-81
14-->src/main/AndroidManifest.xml:7:22-78
15    <uses-permission android:name="android.permission.ACCESS_WIFI_STATE" />
15-->src/main/AndroidManifest.xml:8:7-78
15-->src/main/AndroidManifest.xml:8:24-75
16    <uses-permission android:name="android.permission.WRITE_EXTERNAL_STORAGE" />
16-->src/main/AndroidManifest.xml:10:5-80
16-->src/main/AndroidManifest.xml:10:22-78
17    <uses-permission android:name="android.permission.RECEIVE_BOOT_COMPLETED" />
17-->src/main/AndroidManifest.xml:11:5-81
17-->src/main/AndroidManifest.xml:11:22-78
18    <uses-permission android:name="android.permission.VIBRATE" />
18-->src/main/AndroidManifest.xml:12:5-66
18-->src/main/AndroidManifest.xml:12:22-63
19    <uses-permission android:name="android.permission.CAMERA" />
19-->src/main/AndroidManifest.xml:13:5-65
19-->src/main/AndroidManifest.xml:13:22-62
20    <uses-permission android:name="com.incubermax.eazypark.permission.C2D_MESSAGE" />
21
22    <permission
23        android:name="com.incubermax.eazypark.permission.C2D_MESSAGE"
24        android:protectionLevel="signature" />
25
26    <uses-permission android:name="android.permission.RECORD_AUDIO" />
26-->src/main/AndroidManifest.xml:16:5-70
26-->src/main/AndroidManifest.xml:16:22-68
27    <uses-permission android:name="android.permission.READ_EXTERNAL_STORAGE" />
27-->src/main/AndroidManifest.xml:17:3-78
27-->src/main/AndroidManifest.xml:17:20-75
28    <uses-permission android:name="android.permission.POST_NOTIFICATIONS" />
28-->src/main/AndroidManifest.xml:18:1-72
28-->src/main/AndroidManifest.xml:18:18-70
29    <uses-permission android:name="android.permission.FOREGROUND_SERVICE" />
29-->src/main/AndroidManifest.xml:19:2-74
29-->src/main/AndroidManifest.xml:19:19-71
30
31    <uses-feature android:name="android.hardware.camera" />
31-->src/main/AndroidManifest.xml:20:5-60
31-->src/main/AndroidManifest.xml:20:19-57
32    <uses-feature android:name="android.hardware.camera.autofocus" />
32-->src/main/AndroidManifest.xml:21:5-70
32-->src/main/AndroidManifest.xml:21:19-67
33
34    <uses-permission android:name="android.permission.READ_PHONE_STATE" />
34-->src/main/AndroidManifest.xml:22:5-74
34-->src/main/AndroidManifest.xml:22:22-72
35    <uses-permission android:name="com.google.android.gms.permission.AD_ID" />
35-->src/main/AndroidManifest.xml:24:7-80
35-->src/main/AndroidManifest.xml:24:24-78
36    <uses-permission android:name="android.permission.WAKE_LOCK" />
36-->[:react-native-firebase_messaging] AndroidManifest.xml:10:5-68
36-->[:react-native-firebase_messaging] AndroidManifest.xml:10:22-65
37    <uses-permission android:name="android.permission.ACCESS_NETWORK_STATE" /> <!-- Required to access Google Play Licensing -->
37-->[:react-native-firebase_messaging] AndroidManifest.xml:11:5-79
37-->[:react-native-firebase_messaging] AndroidManifest.xml:11:22-76
38    <uses-permission android:name="com.android.vending.CHECK_LICENSE" /> <!-- Required by older versions of Google Play services to create IID tokens -->
38-->[:rn-fetch-blob] AndroidManifest.xml:10:5-73
38-->[:rn-fetch-blob] AndroidManifest.xml:10:22-70
39    <uses-permission android:name="com.google.android.c2dm.permission.RECEIVE" />
39-->[com.google.firebase:firebase-messaging:23.1.1] AndroidManifest.xml:28:5-82
39-->[com.google.firebase:firebase-messaging:23.1.1] AndroidManifest.xml:28:22-79
40
41    <uses-feature
41-->[com.google.android.gms:play-services-maps:17.0.0] AndroidManifest.xml:26:5-28:35
42        android:glEsVersion="0x00020000"
42-->[com.google.android.gms:play-services-maps:17.0.0] AndroidManifest.xml:27:9-41
43        android:required="true" />
43-->[com.google.android.gms:play-services-maps:17.0.0] AndroidManifest.xml:28:9-32
44
45    <uses-permission android:name="com.google.android.finsky.permission.BIND_GET_INSTALL_REFERRER_SERVICE" /> <!-- for android -->
45-->[com.android.installreferrer:installreferrer:1.1.2] AndroidManifest.xml:9:5-110
45-->[com.android.installreferrer:installreferrer:1.1.2] AndroidManifest.xml:9:22-107
46    <!-- <uses-permission android:name="com.android.launcher.permission.READ_SETTINGS"/> -->
47    <!-- <uses-permission android:name="com.android.launcher.permission.WRITE_SETTINGS"/> -->
48    <!-- <uses-permission android:name="com.android.launcher.permission.INSTALL_SHORTCUT" /> -->
49    <!-- <uses-permission android:name="com.android.launcher.permission.UNINSTALL_SHORTCUT" /> -->
50    <!-- for Samsung -->
51    <uses-permission android:name="com.sec.android.provider.badge.permission.READ" />
51-->[me.leolin:ShortcutBadger:1.1.22] AndroidManifest.xml:19:5-86
51-->[me.leolin:ShortcutBadger:1.1.22] AndroidManifest.xml:19:22-83
52    <uses-permission android:name="com.sec.android.provider.badge.permission.WRITE" /> <!-- for htc -->
52-->[me.leolin:ShortcutBadger:1.1.22] AndroidManifest.xml:20:5-87
52-->[me.leolin:ShortcutBadger:1.1.22] AndroidManifest.xml:20:22-84
53    <uses-permission android:name="com.htc.launcher.permission.READ_SETTINGS" />
53-->[me.leolin:ShortcutBadger:1.1.22] AndroidManifest.xml:23:5-81
53-->[me.leolin:ShortcutBadger:1.1.22] AndroidManifest.xml:23:22-78
54    <uses-permission android:name="com.htc.launcher.permission.UPDATE_SHORTCUT" /> <!-- for sony -->
54-->[me.leolin:ShortcutBadger:1.1.22] AndroidManifest.xml:24:5-83
54-->[me.leolin:ShortcutBadger:1.1.22] AndroidManifest.xml:24:22-80
55    <uses-permission android:name="com.sonyericsson.home.permission.BROADCAST_BADGE" />
55-->[me.leolin:ShortcutBadger:1.1.22] AndroidManifest.xml:27:5-88
55-->[me.leolin:ShortcutBadger:1.1.22] AndroidManifest.xml:27:22-85
56    <uses-permission android:name="com.sonymobile.home.permission.PROVIDER_INSERT_BADGE" /> <!-- for apex -->
56-->[me.leolin:ShortcutBadger:1.1.22] AndroidManifest.xml:28:5-92
56-->[me.leolin:ShortcutBadger:1.1.22] AndroidManifest.xml:28:22-89
57    <uses-permission android:name="com.anddoes.launcher.permission.UPDATE_COUNT" /> <!-- for solid -->
57-->[me.leolin:ShortcutBadger:1.1.22] AndroidManifest.xml:31:5-84
57-->[me.leolin:ShortcutBadger:1.1.22] AndroidManifest.xml:31:22-81
58    <uses-permission android:name="com.majeur.launcher.permission.UPDATE_BADGE" /> <!-- for huawei -->
58-->[me.leolin:ShortcutBadger:1.1.22] AndroidManifest.xml:34:5-83
58-->[me.leolin:ShortcutBadger:1.1.22] AndroidManifest.xml:34:22-80
59    <uses-permission android:name="com.huawei.android.launcher.permission.CHANGE_BADGE" />
59-->[me.leolin:ShortcutBadger:1.1.22] AndroidManifest.xml:37:5-91
59-->[me.leolin:ShortcutBadger:1.1.22] AndroidManifest.xml:37:22-88
60    <uses-permission android:name="com.huawei.android.launcher.permission.READ_SETTINGS" />
60-->[me.leolin:ShortcutBadger:1.1.22] AndroidManifest.xml:38:5-92
60-->[me.leolin:ShortcutBadger:1.1.22] AndroidManifest.xml:38:22-89
61    <uses-permission android:name="com.huawei.android.launcher.permission.WRITE_SETTINGS" /> <!-- for ZUK -->
61-->[me.leolin:ShortcutBadger:1.1.22] AndroidManifest.xml:39:5-93
61-->[me.leolin:ShortcutBadger:1.1.22] AndroidManifest.xml:39:22-90
62    <uses-permission android:name="android.permission.READ_APP_BADGE" /> <!-- for OPPO -->
62-->[me.leolin:ShortcutBadger:1.1.22] AndroidManifest.xml:42:5-73
62-->[me.leolin:ShortcutBadger:1.1.22] AndroidManifest.xml:42:22-70
63    <uses-permission android:name="com.oppo.launcher.permission.READ_SETTINGS" />
63-->[me.leolin:ShortcutBadger:1.1.22] AndroidManifest.xml:45:5-82
63-->[me.leolin:ShortcutBadger:1.1.22] AndroidManifest.xml:45:22-79
64    <uses-permission android:name="com.oppo.launcher.permission.WRITE_SETTINGS" /> <!-- for EvMe -->
64-->[me.leolin:ShortcutBadger:1.1.22] AndroidManifest.xml:46:5-83
64-->[me.leolin:ShortcutBadger:1.1.22] AndroidManifest.xml:46:22-80
65    <uses-permission android:name="me.everything.badger.permission.BADGE_COUNT_READ" />
65-->[me.leolin:ShortcutBadger:1.1.22] AndroidManifest.xml:49:5-88
65-->[me.leolin:ShortcutBadger:1.1.22] AndroidManifest.xml:49:22-85
66    <uses-permission android:name="me.everything.badger.permission.BADGE_COUNT_WRITE" />
66-->[me.leolin:ShortcutBadger:1.1.22] AndroidManifest.xml:50:5-89
66-->[me.leolin:ShortcutBadger:1.1.22] AndroidManifest.xml:50:22-86
67
68    <application
68-->src/main/AndroidManifest.xml:26:5-81:19
69        android:name="com.incubermax.eazypark.MainApplication"
69-->src/main/AndroidManifest.xml:27:7-38
70        android:allowBackup="false"
70-->src/main/AndroidManifest.xml:31:7-34
71        android:appComponentFactory="androidx.core.app.CoreComponentFactory"
71-->[androidx.core:core:1.7.0] AndroidManifest.xml:24:18-86
72        android:debuggable="true"
73        android:icon="@mipmap/ic_launcher"
73-->src/main/AndroidManifest.xml:29:7-41
74        android:label="@string/app_name"
74-->src/main/AndroidManifest.xml:28:7-39
75        android:roundIcon="@mipmap/ic_launcher_round"
75-->src/main/AndroidManifest.xml:30:7-52
76        android:theme="@style/AppTheme"
76-->src/main/AndroidManifest.xml:32:7-38
77        android:usesCleartextTraffic="true" >
77-->src/main/AndroidManifest.xml:33:7-42
78        <activity
78-->src/debug/AndroidManifest.xml:11:9-111
79            android:name="com.facebook.react.devsupport.DevSettingsActivity"
79-->src/debug/AndroidManifest.xml:11:19-83
80            android:exported="false" />
80-->src/debug/AndroidManifest.xml:11:84-108
81        <activity
81-->src/main/AndroidManifest.xml:36:7-47:18
82            android:name="com.incubermax.eazypark.MainActivity"
82-->src/main/AndroidManifest.xml:37:9-37
83            android:configChanges="keyboard|keyboardHidden|orientation|screenLayout|screenSize|smallestScreenSize|uiMode"
83-->src/main/AndroidManifest.xml:39:9-118
84            android:exported="true"
84-->src/main/AndroidManifest.xml:42:9-32
85            android:label="@string/app_name"
85-->src/main/AndroidManifest.xml:38:9-41
86            android:launchMode="singleTask"
86-->src/main/AndroidManifest.xml:40:9-40
87            android:windowSoftInputMode="adjustResize" >
87-->src/main/AndroidManifest.xml:41:9-51
88            <intent-filter>
88-->src/main/AndroidManifest.xml:43:9-46:25
89                <action android:name="android.intent.action.MAIN" />
89-->src/main/AndroidManifest.xml:44:13-65
89-->src/main/AndroidManifest.xml:44:21-62
90
91                <category android:name="android.intent.category.LAUNCHER" />
91-->src/main/AndroidManifest.xml:45:13-73
91-->src/main/AndroidManifest.xml:45:23-70
92            </intent-filter>
93        </activity>
94
95        <meta-data
95-->src/main/AndroidManifest.xml:48:9-50:70
96            android:name="com.google.android.geo.API_KEY"
96-->src/main/AndroidManifest.xml:49:13-58
97            android:value="AIzaSyD2xsp2eMqK4zpq9XLUX-evE60S6dyD_iA" />
97-->src/main/AndroidManifest.xml:50:13-68
98
99        <uses-library
99-->src/main/AndroidManifest.xml:51:14-92
100            android:name="org.apache.http.legacy"
100-->src/main/AndroidManifest.xml:51:28-65
101            android:required="false" />
101-->src/main/AndroidManifest.xml:51:66-90
102
103        <meta-data
103-->src/main/AndroidManifest.xml:52:8-53:43
104            android:name="com.dieam.reactnativepushnotification.notification_foreground"
104-->src/main/AndroidManifest.xml:52:20-96
105            android:value="true" />
105-->src/main/AndroidManifest.xml:53:21-41
106        <meta-data
106-->src/main/AndroidManifest.xml:54:9-55:54
107            android:name="com.dieam.reactnativepushnotification.notification_color"
107-->src/main/AndroidManifest.xml:54:21-92
108            android:resource="@color/white" />
108-->src/main/AndroidManifest.xml:55:21-52
109        <meta-data
109-->src/main/AndroidManifest.xml:56:9-58:81
110            android:name="com.dieam.reactnativepushnotification.notification_channel_name"
110-->src/main/AndroidManifest.xml:56:21-99
111            android:value="@string/default_notification_channel_name" />
111-->src/main/AndroidManifest.xml:58:21-78
112        <meta-data
112-->src/main/AndroidManifest.xml:59:9-60:78
113            android:name="com.google.firebase.messaging.default_notification_channel_id"
113-->src/main/AndroidManifest.xml:59:21-97
114            android:value="@string/default_notification_channel_id" />
114-->src/main/AndroidManifest.xml:60:21-76
115        <meta-data
115-->src/main/AndroidManifest.xml:61:9-62:88
116            android:name="com.dieam.reactnativepushnotification.notification_channel_description"
116-->src/main/AndroidManifest.xml:61:21-106
117            android:value="@string/default_notification_chennel_description" />
117-->src/main/AndroidManifest.xml:62:21-85
118
119        <service android:name="com.dieam.reactnativepushnotification.modules.RNPushNotificationActionService" />
119-->src/main/AndroidManifest.xml:63:9-113
119-->src/main/AndroidManifest.xml:63:18-110
120
121        <receiver android:name="com.dieam.reactnativepushnotification.modules.RNPushNotificationActions" />
121-->src/main/AndroidManifest.xml:64:9-108
121-->src/main/AndroidManifest.xml:64:19-105
122        <receiver android:name="com.dieam.reactnativepushnotification.modules.RNPushNotificationPublisher" />
122-->src/main/AndroidManifest.xml:65:9-110
122-->src/main/AndroidManifest.xml:65:19-107
123        <receiver
123-->src/main/AndroidManifest.xml:66:9-72:20
124            android:name="com.dieam.reactnativepushnotification.modules.RNPushNotificationBootEventReceiver"
124-->src/main/AndroidManifest.xml:66:19-115
125            android:enabled="true"
125-->src/main/AndroidManifest.xml:66:116-138
126            android:exported="false" >
126-->src/main/AndroidManifest.xml:66:139-163
127            <intent-filter>
127-->src/main/AndroidManifest.xml:67:13-71:29
128                <action android:name="android.intent.action.BOOT_COMPLETED" />
128-->src/main/AndroidManifest.xml:68:17-79
128-->src/main/AndroidManifest.xml:68:25-76
129                <action android:name="android.intent.action.QUICKBOOT_POWERON" />
129-->src/main/AndroidManifest.xml:69:17-82
129-->src/main/AndroidManifest.xml:69:25-79
130                <action android:name="com.htc.intent.action.QUICKBOOT_POWERON" />
130-->src/main/AndroidManifest.xml:70:17-81
130-->src/main/AndroidManifest.xml:70:25-79
131            </intent-filter>
132        </receiver>
133
134        <service
134-->src/main/AndroidManifest.xml:73:9-80:19
135            android:name="com.dieam.reactnativepushnotification.modules.RNPushNotificationListenerService"
135-->src/main/AndroidManifest.xml:75:13-107
136            android:enabled="true"
136-->src/main/AndroidManifest.xml:74:13-35
137            android:exported="false" >
137-->src/main/AndroidManifest.xml:76:13-37
138            <intent-filter>
138-->src/main/AndroidManifest.xml:77:13-79:29
139                <action android:name="com.google.firebase.MESSAGING_EVENT" />
139-->src/main/AndroidManifest.xml:78:17-78
139-->src/main/AndroidManifest.xml:78:25-75
140            </intent-filter>
141        </service>
142        <service
142-->[:react-native-firebase_messaging] AndroidManifest.xml:14:9-16:40
143            android:name="io.invertase.firebase.messaging.ReactNativeFirebaseMessagingHeadlessService"
143-->[:react-native-firebase_messaging] AndroidManifest.xml:15:13-103
144            android:exported="false" />
144-->[:react-native-firebase_messaging] AndroidManifest.xml:16:13-37
145        <service
145-->[:react-native-firebase_messaging] AndroidManifest.xml:17:9-23:19
146            android:name="io.invertase.firebase.messaging.ReactNativeFirebaseMessagingService"
146-->[:react-native-firebase_messaging] AndroidManifest.xml:18:13-95
147            android:exported="false" >
147-->[:react-native-firebase_messaging] AndroidManifest.xml:19:13-37
148            <intent-filter>
148-->src/main/AndroidManifest.xml:77:13-79:29
149                <action android:name="com.google.firebase.MESSAGING_EVENT" />
149-->src/main/AndroidManifest.xml:78:17-78
149-->src/main/AndroidManifest.xml:78:25-75
150            </intent-filter>
151        </service>
152
153        <receiver
153-->[:react-native-firebase_messaging] AndroidManifest.xml:25:9-32:20
154            android:name="io.invertase.firebase.messaging.ReactNativeFirebaseMessagingReceiver"
154-->[:react-native-firebase_messaging] AndroidManifest.xml:26:13-96
155            android:exported="true"
155-->[:react-native-firebase_messaging] AndroidManifest.xml:27:13-36
156            android:permission="com.google.android.c2dm.permission.SEND" >
156-->[:react-native-firebase_messaging] AndroidManifest.xml:28:13-73
157            <intent-filter>
157-->[:react-native-firebase_messaging] AndroidManifest.xml:29:13-31:29
158                <action android:name="com.google.android.c2dm.intent.RECEIVE" />
158-->[:react-native-firebase_messaging] AndroidManifest.xml:30:17-81
158-->[:react-native-firebase_messaging] AndroidManifest.xml:30:25-78
159            </intent-filter>
160        </receiver>
161
162        <meta-data
162-->[:react-native-firebase_messaging] AndroidManifest.xml:34:9-36:36
163            android:name="firebase_messaging_auto_init_enabled"
163-->[:react-native-firebase_messaging] AndroidManifest.xml:35:13-64
164            android:value="true" />
164-->[:react-native-firebase_messaging] AndroidManifest.xml:36:13-33
165        <meta-data
165-->[:react-native-firebase_app] AndroidManifest.xml:11:9-13:36
166            android:name="app_data_collection_default_enabled"
166-->[:react-native-firebase_app] AndroidManifest.xml:12:13-63
167            android:value="true" />
167-->[:react-native-firebase_app] AndroidManifest.xml:13:13-33
168
169        <service
169-->[:react-native-firebase_app] AndroidManifest.xml:15:9-23:19
170            android:name="com.google.firebase.components.ComponentDiscoveryService"
170-->[:react-native-firebase_app] AndroidManifest.xml:16:13-84
171            android:directBootAware="true"
171-->[:react-native-firebase_app] AndroidManifest.xml:17:13-43
172            android:exported="false" >
172-->[:react-native-firebase_app] AndroidManifest.xml:18:13-37
173            <meta-data
173-->[:react-native-firebase_app] AndroidManifest.xml:20:13-22:85
174                android:name="com.google.firebase.components:io.invertase.firebase.app.ReactNativeFirebaseAppRegistrar"
174-->[:react-native-firebase_app] AndroidManifest.xml:21:17-120
175                android:value="com.google.firebase.components.ComponentRegistrar" />
175-->[:react-native-firebase_app] AndroidManifest.xml:22:17-82
176            <meta-data
176-->[com.google.firebase:firebase-messaging:23.1.1] AndroidManifest.xml:55:13-57:85
177                android:name="com.google.firebase.components:com.google.firebase.messaging.FirebaseMessagingRegistrar"
177-->[com.google.firebase:firebase-messaging:23.1.1] AndroidManifest.xml:56:17-119
178                android:value="com.google.firebase.components.ComponentRegistrar" />
178-->[com.google.firebase:firebase-messaging:23.1.1] AndroidManifest.xml:57:17-82
179            <meta-data
179-->[com.google.firebase:firebase-datatransport:18.1.7] AndroidManifest.xml:27:13-29:85
180                android:name="com.google.firebase.components:com.google.firebase.datatransport.TransportRegistrar"
180-->[com.google.firebase:firebase-datatransport:18.1.7] AndroidManifest.xml:28:17-115
181                android:value="com.google.firebase.components.ComponentRegistrar" />
181-->[com.google.firebase:firebase-datatransport:18.1.7] AndroidManifest.xml:29:17-82
182            <meta-data
182-->[com.google.firebase:firebase-config:21.2.1] AndroidManifest.xml:31:13-33:85
183                android:name="com.google.firebase.components:com.google.firebase.remoteconfig.RemoteConfigRegistrar"
183-->[com.google.firebase:firebase-config:21.2.1] AndroidManifest.xml:32:17-117
184                android:value="com.google.firebase.components.ComponentRegistrar" />
184-->[com.google.firebase:firebase-config:21.2.1] AndroidManifest.xml:33:17-82
185            <meta-data
185-->[com.google.firebase:firebase-installations:17.1.0] AndroidManifest.xml:17:13-19:85
186                android:name="com.google.firebase.components:com.google.firebase.installations.FirebaseInstallationsRegistrar"
186-->[com.google.firebase:firebase-installations:17.1.0] AndroidManifest.xml:18:17-127
187                android:value="com.google.firebase.components.ComponentRegistrar" />
187-->[com.google.firebase:firebase-installations:17.1.0] AndroidManifest.xml:19:17-82
188            <meta-data
188-->[com.google.firebase:firebase-abt:21.1.0] AndroidManifest.xml:12:13-14:85
189                android:name="com.google.firebase.components:com.google.firebase.abt.component.AbtRegistrar"
189-->[com.google.firebase:firebase-abt:21.1.0] AndroidManifest.xml:13:17-109
190                android:value="com.google.firebase.components.ComponentRegistrar" />
190-->[com.google.firebase:firebase-abt:21.1.0] AndroidManifest.xml:14:17-82
191        </service>
192
193        <provider
193-->[:react-native-firebase_app] AndroidManifest.xml:25:9-29:38
194            android:name="io.invertase.firebase.app.ReactNativeFirebaseAppInitProvider"
194-->[:react-native-firebase_app] AndroidManifest.xml:26:13-88
195            android:authorities="com.incubermax.eazypark.reactnativefirebaseappinitprovider"
195-->[:react-native-firebase_app] AndroidManifest.xml:27:13-86
196            android:exported="false"
196-->[:react-native-firebase_app] AndroidManifest.xml:28:13-37
197            android:initOrder="99" />
197-->[:react-native-firebase_app] AndroidManifest.xml:29:13-35
198        <provider
198-->[:react-native-image-picker] AndroidManifest.xml:10:9-18:20
199            android:name="com.imagepicker.ImagePickerProvider"
199-->[:react-native-image-picker] AndroidManifest.xml:11:13-63
200            android:authorities="com.incubermax.eazypark.imagepickerprovider"
200-->[:react-native-image-picker] AndroidManifest.xml:12:13-71
201            android:exported="false"
201-->[:react-native-image-picker] AndroidManifest.xml:13:13-37
202            android:grantUriPermissions="true" >
202-->[:react-native-image-picker] AndroidManifest.xml:14:13-47
203            <meta-data
203-->[:react-native-image-picker] AndroidManifest.xml:15:13-17:70
204                android:name="android.support.FILE_PROVIDER_PATHS"
204-->[:react-native-image-picker] AndroidManifest.xml:16:17-67
205                android:resource="@xml/imagepicker_provider_paths" />
205-->[:react-native-image-picker] AndroidManifest.xml:17:17-67
206        </provider>
207        <provider
207-->[:react-native-share] AndroidManifest.xml:10:9-18:20
208            android:name="cl.json.RNShareFileProvider"
208-->[:react-native-share] AndroidManifest.xml:11:13-55
209            android:authorities="com.incubermax.eazypark.rnshare.fileprovider"
209-->[:react-native-share] AndroidManifest.xml:12:13-72
210            android:exported="false"
210-->[:react-native-share] AndroidManifest.xml:13:13-37
211            android:grantUriPermissions="true" >
211-->[:react-native-share] AndroidManifest.xml:14:13-47
212            <meta-data
212-->[:react-native-image-picker] AndroidManifest.xml:15:13-17:70
213                android:name="android.support.FILE_PROVIDER_PATHS"
213-->[:react-native-image-picker] AndroidManifest.xml:16:17-67
214                android:resource="@xml/share_download_paths" />
214-->[:react-native-image-picker] AndroidManifest.xml:17:17-67
215        </provider>
216        <provider
216-->[:rn-fetch-blob] AndroidManifest.xml:34:9-42:20
217            android:name="com.RNFetchBlob.Utils.FileProvider"
217-->[:rn-fetch-blob] AndroidManifest.xml:35:13-62
218            android:authorities="com.incubermax.eazypark.provider"
218-->[:rn-fetch-blob] AndroidManifest.xml:36:13-60
219            android:exported="false"
219-->[:rn-fetch-blob] AndroidManifest.xml:37:13-37
220            android:grantUriPermissions="true" >
220-->[:rn-fetch-blob] AndroidManifest.xml:38:13-47
221            <meta-data
221-->[:react-native-image-picker] AndroidManifest.xml:15:13-17:70
222                android:name="android.support.FILE_PROVIDER_PATHS"
222-->[:react-native-image-picker] AndroidManifest.xml:16:17-67
223                android:resource="@xml/provider_paths" />
223-->[:react-native-image-picker] AndroidManifest.xml:17:17-67
224        </provider>
225        <provider
225-->[androidx.work:work-runtime:2.7.1] AndroidManifest.xml:31:9-39:20
226            android:name="androidx.startup.InitializationProvider"
226-->[androidx.work:work-runtime:2.7.1] AndroidManifest.xml:32:13-67
227            android:authorities="com.incubermax.eazypark.androidx-startup"
227-->[androidx.work:work-runtime:2.7.1] AndroidManifest.xml:33:13-68
228            android:exported="false" >
228-->[androidx.work:work-runtime:2.7.1] AndroidManifest.xml:34:13-37
229            <meta-data
229-->[androidx.work:work-runtime:2.7.1] AndroidManifest.xml:36:13-38:52
230                android:name="androidx.work.WorkManagerInitializer"
230-->[androidx.work:work-runtime:2.7.1] AndroidManifest.xml:37:17-68
231                android:value="androidx.startup" />
231-->[androidx.work:work-runtime:2.7.1] AndroidManifest.xml:38:17-49
232            <meta-data
232-->[androidx.emoji2:emoji2:1.0.0] AndroidManifest.xml:31:13-33:52
233                android:name="androidx.emoji2.text.EmojiCompatInitializer"
233-->[androidx.emoji2:emoji2:1.0.0] AndroidManifest.xml:32:17-75
234                android:value="androidx.startup" />
234-->[androidx.emoji2:emoji2:1.0.0] AndroidManifest.xml:33:17-49
235            <meta-data
235-->[androidx.lifecycle:lifecycle-process:2.4.0] AndroidManifest.xml:31:13-33:52
236                android:name="androidx.lifecycle.ProcessLifecycleInitializer"
236-->[androidx.lifecycle:lifecycle-process:2.4.0] AndroidManifest.xml:32:17-78
237                android:value="androidx.startup" />
237-->[androidx.lifecycle:lifecycle-process:2.4.0] AndroidManifest.xml:33:17-49
238        </provider>
239
240        <service
240-->[androidx.work:work-runtime:2.7.1] AndroidManifest.xml:41:9-46:35
241            android:name="androidx.work.impl.background.systemalarm.SystemAlarmService"
241-->[androidx.work:work-runtime:2.7.1] AndroidManifest.xml:42:13-88
242            android:directBootAware="false"
242-->[androidx.work:work-runtime:2.7.1] AndroidManifest.xml:43:13-44
243            android:enabled="@bool/enable_system_alarm_service_default"
243-->[androidx.work:work-runtime:2.7.1] AndroidManifest.xml:44:13-72
244            android:exported="false" />
244-->[androidx.work:work-runtime:2.7.1] AndroidManifest.xml:45:13-37
245        <service
245-->[androidx.work:work-runtime:2.7.1] AndroidManifest.xml:47:9-53:35
246            android:name="androidx.work.impl.background.systemjob.SystemJobService"
246-->[androidx.work:work-runtime:2.7.1] AndroidManifest.xml:48:13-84
247            android:directBootAware="false"
247-->[androidx.work:work-runtime:2.7.1] AndroidManifest.xml:49:13-44
248            android:enabled="@bool/enable_system_job_service_default"
248-->[androidx.work:work-runtime:2.7.1] AndroidManifest.xml:50:13-70
249            android:exported="true"
249-->[androidx.work:work-runtime:2.7.1] AndroidManifest.xml:51:13-36
250            android:permission="android.permission.BIND_JOB_SERVICE" />
250-->[androidx.work:work-runtime:2.7.1] AndroidManifest.xml:52:13-69
251        <service
251-->[androidx.work:work-runtime:2.7.1] AndroidManifest.xml:54:9-59:35
252            android:name="androidx.work.impl.foreground.SystemForegroundService"
252-->[androidx.work:work-runtime:2.7.1] AndroidManifest.xml:55:13-81
253            android:directBootAware="false"
253-->[androidx.work:work-runtime:2.7.1] AndroidManifest.xml:56:13-44
254            android:enabled="@bool/enable_system_foreground_service_default"
254-->[androidx.work:work-runtime:2.7.1] AndroidManifest.xml:57:13-77
255            android:exported="false" />
255-->[androidx.work:work-runtime:2.7.1] AndroidManifest.xml:58:13-37
256
257        <receiver
257-->[androidx.work:work-runtime:2.7.1] AndroidManifest.xml:61:9-66:35
258            android:name="androidx.work.impl.utils.ForceStopRunnable$BroadcastReceiver"
258-->[androidx.work:work-runtime:2.7.1] AndroidManifest.xml:62:13-88
259            android:directBootAware="false"
259-->[androidx.work:work-runtime:2.7.1] AndroidManifest.xml:63:13-44
260            android:enabled="true"
260-->[androidx.work:work-runtime:2.7.1] AndroidManifest.xml:64:13-35
261            android:exported="false" />
261-->[androidx.work:work-runtime:2.7.1] AndroidManifest.xml:65:13-37
262        <receiver
262-->[androidx.work:work-runtime:2.7.1] AndroidManifest.xml:67:9-77:20
263            android:name="androidx.work.impl.background.systemalarm.ConstraintProxy$BatteryChargingProxy"
263-->[androidx.work:work-runtime:2.7.1] AndroidManifest.xml:68:13-106
264            android:directBootAware="false"
264-->[androidx.work:work-runtime:2.7.1] AndroidManifest.xml:69:13-44
265            android:enabled="false"
265-->[androidx.work:work-runtime:2.7.1] AndroidManifest.xml:70:13-36
266            android:exported="false" >